<?xml version="1.0" encoding="UTF-8"?>
<robot generator="Robot 7.3.2 (Python 3.13.5 on linux)" generated="2025-11-15T11:12:36.047864" rpa="false" schemaversion="5">
<suite id="s1" name="Tests" source="/home/punk/Documents/learning/programing_robot_framework_from_zero/tests/robot-framework/acceptance-tests/e2e/tests">
<suite id="s1-s1" name="Google-Search-Test" source="/home/punk/Documents/learning/programing_robot_framework_from_zero/tests/robot-framework/acceptance-tests/e2e/tests/google-search-test.robot">
<test id="s1-s1-t1" name="Cenário: Previsão do tempo em Porto Alegre" line="7">
<kw name="Open Browser" owner="SeleniumLibrary">
<msg time="2025-11-15T11:12:36.196243" level="INFO">Opening browser 'chrome' to base url 'https://www.google.com'.</msg>
<arg>https://www.google.com</arg>
<arg>chrome</arg>
<doc>Opens a new browser instance to the optional ``url``.</doc>
<status status="PASS" start="2025-11-15T11:12:36.195997" elapsed="1.768769"/>
</kw>
<status status="PASS" start="2025-11-15T11:12:36.195063" elapsed="1.770173"/>
</test>
<status status="PASS" start="2025-11-15T11:12:36.071705" elapsed="1.894276"/>
</suite>
<status status="PASS" start="2025-11-15T11:12:36.048728" elapsed="1.918111"/>
</suite>
<statistics>
<total>
<stat pass="1" fail="0" skip="0">All Tests</stat>
</total>
<tag>
</tag>
<suite>
<stat name="Tests" id="s1" pass="1" fail="0" skip="0">Tests</stat>
<stat name="Google-Search-Test" id="s1-s1" pass="1" fail="0" skip="0">Tests.Google-Search-Test</stat>
</suite>
</statistics>
<errors>
</errors>
</robot>
